<?xml version="1.0" encoding="UTF-8"?>
<testsuite xmlns:xsi="http://www.w3.org/2001/XMLSchema-instance" xsi:noNamespaceSchemaLocation="https://maven.apache.org/surefire/maven-surefire-plugin/xsd/surefire-test-report-3.0.xsd" version="3.0" name="misc.LazniTest" time="0.744" tests="1" errors="0" skipped="0" failures="0">
  <properties>
[...]
</properties>
  <testcase name="display" classname="misc.LazniTest" time="0.289">
    <system-out><![CDATA[[INFO] 2025-07-07 22:50:41 - Kesiram metapodatke za domensku klasu iznajmljivanjeapp.domain.Dozvola...
[INFO] 2025-07-07 22:50:41 - Kesiram ime tabele za iznajmljivanjeapp.domain.Dozvola...
[INFO] 2025-07-07 22:50:41 - Ime tabele uspesno kesirano za iznajmljivanjeapp.domain.Dozvola.
[INFO] 2025-07-07 22:50:41 - Kesiram polja za iznajmljivanjeapp.domain.Dozvola...
[INFO] 2025-07-07 22:50:41 - Uspesno kesirani metapodaci o Dozvola

[INFO] 2025-07-07 22:50:41 - Konacan join string:
SELECT `dozvola`.id AS `dozvola_id`,`dozvola`.kategorija AS `dozvola_kategorija`
 FROM `dozvola` 

[INFO] 2025-07-07 22:50:41 - Kesiram metapodatke za domensku klasu iznajmljivanjeapp.domain.Zaposleni...
[INFO] 2025-07-07 22:50:41 - Kesiram ime tabele za iznajmljivanjeapp.domain.Zaposleni...
[INFO] 2025-07-07 22:50:41 - Ime tabele uspesno kesirano za iznajmljivanjeapp.domain.Zaposleni.
[INFO] 2025-07-07 22:50:41 - Kesiram polja za iznajmljivanjeapp.domain.Zaposleni...
[INFO] 2025-07-07 22:50:41 - Uspesno kesirani metapodaci o Zaposleni

[INFO] 2025-07-07 22:50:41 - Kesiram metapodatke za domensku klasu iznajmljivanjeapp.domain.Smena...
[INFO] 2025-07-07 22:50:41 - Kesiram ime tabele za iznajmljivanjeapp.domain.Smena...
[INFO] 2025-07-07 22:50:41 - Ime tabele uspesno kesirano za iznajmljivanjeapp.domain.Smena.
[INFO] 2025-07-07 22:50:41 - Kesiram polja za iznajmljivanjeapp.domain.Smena...
[INFO] 2025-07-07 22:50:41 - Uspesno kesirani metapodaci o Smena

[INFO] 2025-07-07 22:50:41 - Kesiram metapodatke za domensku klasu iznajmljivanjeapp.domain.TerminDezurstva...
[INFO] 2025-07-07 22:50:41 - Kesiram ime tabele za iznajmljivanjeapp.domain.TerminDezurstva...
[INFO] 2025-07-07 22:50:41 - Ime tabele uspesno kesirano za iznajmljivanjeapp.domain.TerminDezurstva.
[INFO] 2025-07-07 22:50:41 - Kesiram polja za iznajmljivanjeapp.domain.TerminDezurstva...
[INFO] 2025-07-07 22:50:41 - Uspesno kesirani metapodaci o TerminDezurstva

[INFO] 2025-07-07 22:50:41 - Konacan join string:
SELECT `zaposleni`.id AS `zaposleni_id`,`zaposleni`.ime AS `zaposleni_ime`,`zaposleni`.prezime AS `zaposleni_prezime`,`zaposleni`.email AS `zaposleni_email`,`zaposleni`.sifra AS `zaposleni_sifra`,`zaposleni`.salt AS `zaposleni_salt`,`zaposleni`.admin AS `zaposleni_admin`,
`zapter`.datum AS `zapter_datum`,`zapter`.idZaposleni AS `zapter_idZaposleni`,`zapter`.idTerminDezurstva AS `zapter_idTerminDezurstva`,`zapter`.vanredan AS `zapter_vanredan`,`zapter`.brojSati AS `zapter_brojSati`,`zapter`.fiksniBonus AS `zapter_fiksniBonus`,
`termindezurstva`.id AS `termindezurstva_id`,`termindezurstva`.napomena AS `termindezurstva_napomena`,`termindezurstva`.tipTermina AS `termindezurstva_tipTermina`
 FROM `zaposleni` 
LEFT JOIN `zapter` ON `zapter`.`idZaposleni`=`zaposleni`.`id` 
LEFT JOIN `termindezurstva` ON `termindezurstva`.`id`=`zapter`.`idTerminDezurstva` 

[INFO] 2025-07-07 22:50:41 - Kesiram metapodatke za domensku klasu iznajmljivanjeapp.domain.Vozilo...
[INFO] 2025-07-07 22:50:41 - Kesiram ime tabele za iznajmljivanjeapp.domain.Vozilo...
[INFO] 2025-07-07 22:50:41 - Ime tabele uspesno kesirano za iznajmljivanjeapp.domain.Vozilo.
[INFO] 2025-07-07 22:50:41 - Kesiram polja za iznajmljivanjeapp.domain.Vozilo...
[INFO] 2025-07-07 22:50:41 - Uspesno kesirani metapodaci o Vozilo

[INFO] 2025-07-07 22:50:41 - Kesiram metapodatke za domensku klasu iznajmljivanjeapp.domain.StavkaIznajmljivanja...
[INFO] 2025-07-07 22:50:41 - Kesiram ime tabele za iznajmljivanjeapp.domain.StavkaIznajmljivanja...
[INFO] 2025-07-07 22:50:41 - Ime tabele uspesno kesirano za iznajmljivanjeapp.domain.StavkaIznajmljivanja.
[INFO] 2025-07-07 22:50:41 - Kesiram polja za iznajmljivanjeapp.domain.StavkaIznajmljivanja...
[INFO] 2025-07-07 22:50:41 - Uspesno kesirani metapodaci o StavkaIznajmljivanja

[INFO] 2025-07-07 22:50:41 - Kesiram metapodatke za domensku klasu iznajmljivanjeapp.domain.Iznajmljivanje...
[INFO] 2025-07-07 22:50:41 - Kesiram ime tabele za iznajmljivanjeapp.domain.Iznajmljivanje...
[INFO] 2025-07-07 22:50:41 - Ime tabele uspesno kesirano za iznajmljivanjeapp.domain.Iznajmljivanje.
[INFO] 2025-07-07 22:50:41 - Kesiram polja za iznajmljivanjeapp.domain.Iznajmljivanje...
[INFO] 2025-07-07 22:50:41 - Uspesno kesirani metapodaci o Iznajmljivanje

[INFO] 2025-07-07 22:50:41 - Kesiram metapodatke za domensku klasu iznajmljivanjeapp.domain.Vozac...
[INFO] 2025-07-07 22:50:41 - Kesiram ime tabele za iznajmljivanjeapp.domain.Vozac...
[INFO] 2025-07-07 22:50:41 - Ime tabele uspesno kesirano za iznajmljivanjeapp.domain.Vozac.
[INFO] 2025-07-07 22:50:41 - Kesiram polja za iznajmljivanjeapp.domain.Vozac...
[INFO] 2025-07-07 22:50:41 - Uspesno kesirani metapodaci o Vozac

[INFO] 2025-07-07 22:50:41 - Konacan join string:
SELECT `vozilo`.id AS `vozilo_id`,`vozilo`.klasa AS `vozilo_klasa`,`vozilo`.proizvodjac AS `vozilo_proizvodjac`,`vozilo`.kupovnaCena AS `vozilo_kupovnaCena`,`vozilo`.godiste AS `vozilo_godiste`,`vozilo`.imeModela AS `vozilo_imeModela`,`vozilo`.kategorija AS `vozilo_kategorija`,
`stavkaiznajmljivanja`.idIznajmljivanje AS `stavkaiznajmljivanja_idIznajmljivanje`,`stavkaiznajmljivanja`.rb AS `stavkaiznajmljivanja_rb`,`stavkaiznajmljivanja`.datumPocetka AS `stavkaiznajmljivanja_datumPocetka`,`stavkaiznajmljivanja`.datumZavrsetka AS `stavkaiznajmljivanja_datumZavrsetka`,`stavkaiznajmljivanja`.iznos AS `stavkaiznajmljivanja_iznos`,`stavkaiznajmljivanja`.idVozilo AS `stavkaiznajmljivanja_idVozilo`,
`iznajmljivanje`.id AS `iznajmljivanje_id`,`iznajmljivanje`.datumSklapanja AS `iznajmljivanje_datumSklapanja`,`iznajmljivanje`.ukupanIznos AS `iznajmljivanje_ukupanIznos`,`iznajmljivanje`.idZaposleni AS `iznajmljivanje_idZaposleni`,`iznajmljivanje`.idVozac AS `iznajmljivanje_idVozac`,
`zaposleni`.id AS `zaposleni_id`,`zaposleni`.ime AS `zaposleni_ime`,`zaposleni`.prezime AS `zaposleni_prezime`,`zaposleni`.email AS `zaposleni_email`,`zaposleni`.sifra AS `zaposleni_sifra`,`zaposleni`.salt AS `zaposleni_salt`,`zaposleni`.admin AS `zaposleni_admin`,
`zapter`.datum AS `zapter_datum`,`zapter`.idZaposleni AS `zapter_idZaposleni`,`zapter`.idTerminDezurstva AS `zapter_idTerminDezurstva`,`zapter`.vanredan AS `zapter_vanredan`,`zapter`.brojSati AS `zapter_brojSati`,`zapter`.fiksniBonus AS `zapter_fiksniBonus`,
`termindezurstva`.id AS `termindezurstva_id`,`termindezurstva`.napomena AS `termindezurstva_napomena`,`termindezurstva`.tipTermina AS `termindezurstva_tipTermina`,
`vozac`.id AS `vozac_id`,`vozac`.ime AS `vozac_ime`,`vozac`.prezime AS `vozac_prezime`,`vozac`.email AS `vozac_email`,`vozac`.idDozvola AS `vozac_idDozvola`,
`dozvola`.id AS `dozvola_id`,`dozvola`.kategorija AS `dozvola_kategorija`
 FROM `vozilo` 
LEFT JOIN `stavkaiznajmljivanja` ON `stavkaiznajmljivanja`.`idVozilo`=`vozilo`.`id` 
LEFT JOIN `iznajmljivanje` ON `iznajmljivanje`.`id`=`stavkaiznajmljivanja`.`idIznajmljivanje` 
LEFT JOIN `zaposleni` ON `zaposleni`.`id`=`iznajmljivanje`.`idZaposleni` 
LEFT JOIN `vozac` ON `vozac`.`id`=`iznajmljivanje`.`idVozac` 
LEFT JOIN `zapter` ON `zapter`.`idZaposleni`=`zaposleni`.`id` 
LEFT JOIN `termindezurstva` ON `termindezurstva`.`id`=`zapter`.`idTerminDezurstva` 
LEFT JOIN `dozvola` ON `dozvola`.`id`=`vozac`.`idDozvola` 

[INFO] 2025-07-07 22:50:41 - Konacan join string:
SELECT `termindezurstva`.id AS `termindezurstva_id`,`termindezurstva`.napomena AS `termindezurstva_napomena`,`termindezurstva`.tipTermina AS `termindezurstva_tipTermina`,
`zapter`.datum AS `zapter_datum`,`zapter`.idZaposleni AS `zapter_idZaposleni`,`zapter`.idTerminDezurstva AS `zapter_idTerminDezurstva`,`zapter`.vanredan AS `zapter_vanredan`,`zapter`.brojSati AS `zapter_brojSati`,`zapter`.fiksniBonus AS `zapter_fiksniBonus`,
`zaposleni`.id AS `zaposleni_id`,`zaposleni`.ime AS `zaposleni_ime`,`zaposleni`.prezime AS `zaposleni_prezime`,`zaposleni`.email AS `zaposleni_email`,`zaposleni`.sifra AS `zaposleni_sifra`,`zaposleni`.salt AS `zaposleni_salt`,`zaposleni`.admin AS `zaposleni_admin`
 FROM `termindezurstva` 
LEFT JOIN `zapter` ON `zapter`.`idTerminDezurstva`=`termindezurstva`.`id` 
LEFT JOIN `zaposleni` ON `zaposleni`.`id`=`zapter`.`idZaposleni` 

[INFO] 2025-07-07 22:50:41 - Konacan join string:
SELECT `vozac`.id AS `vozac_id`,`vozac`.ime AS `vozac_ime`,`vozac`.prezime AS `vozac_prezime`,`vozac`.email AS `vozac_email`,`vozac`.idDozvola AS `vozac_idDozvola`,
`dozvola`.id AS `dozvola_id`,`dozvola`.kategorija AS `dozvola_kategorija`
 FROM `vozac` 
LEFT JOIN `dozvola` ON `dozvola`.`id`=`vozac`.`idDozvola` 

[INFO] 2025-07-07 22:50:41 - Konacan join string:
SELECT `iznajmljivanje`.id AS `iznajmljivanje_id`,`iznajmljivanje`.datumSklapanja AS `iznajmljivanje_datumSklapanja`,`iznajmljivanje`.ukupanIznos AS `iznajmljivanje_ukupanIznos`,`iznajmljivanje`.idZaposleni AS `iznajmljivanje_idZaposleni`,`iznajmljivanje`.idVozac AS `iznajmljivanje_idVozac`,
`zaposleni`.id AS `zaposleni_id`,`zaposleni`.ime AS `zaposleni_ime`,`zaposleni`.prezime AS `zaposleni_prezime`,`zaposleni`.email AS `zaposleni_email`,`zaposleni`.sifra AS `zaposleni_sifra`,`zaposleni`.salt AS `zaposleni_salt`,`zaposleni`.admin AS `zaposleni_admin`,
`zapter`.datum AS `zapter_datum`,`zapter`.idZaposleni AS `zapter_idZaposleni`,`zapter`.idTerminDezurstva AS `zapter_idTerminDezurstva`,`zapter`.vanredan AS `zapter_vanredan`,`zapter`.brojSati AS `zapter_brojSati`,`zapter`.fiksniBonus AS `zapter_fiksniBonus`,
`termindezurstva`.id AS `termindezurstva_id`,`termindezurstva`.napomena AS `termindezurstva_napomena`,`termindezurstva`.tipTermina AS `termindezurstva_tipTermina`,
`vozac`.id AS `vozac_id`,`vozac`.ime AS `vozac_ime`,`vozac`.prezime AS `vozac_prezime`,`vozac`.email AS `vozac_email`,`vozac`.idDozvola AS `vozac_idDozvola`,
`dozvola`.id AS `dozvola_id`,`dozvola`.kategorija AS `dozvola_kategorija`,
`stavkaiznajmljivanja`.idIznajmljivanje AS `stavkaiznajmljivanja_idIznajmljivanje`,`stavkaiznajmljivanja`.rb AS `stavkaiznajmljivanja_rb`,`stavkaiznajmljivanja`.datumPocetka AS `stavkaiznajmljivanja_datumPocetka`,`stavkaiznajmljivanja`.datumZavrsetka AS `stavkaiznajmljivanja_datumZavrsetka`,`stavkaiznajmljivanja`.iznos AS `stavkaiznajmljivanja_iznos`,`stavkaiznajmljivanja`.idVozilo AS `stavkaiznajmljivanja_idVozilo`,
`vozilo`.id AS `vozilo_id`,`vozilo`.klasa AS `vozilo_klasa`,`vozilo`.proizvodjac AS `vozilo_proizvodjac`,`vozilo`.kupovnaCena AS `vozilo_kupovnaCena`,`vozilo`.godiste AS `vozilo_godiste`,`vozilo`.imeModela AS `vozilo_imeModela`,`vozilo`.kategorija AS `vozilo_kategorija`
 FROM `iznajmljivanje` 
LEFT JOIN `zaposleni` ON `zaposleni`.`id`=`iznajmljivanje`.`idZaposleni` 
LEFT JOIN `vozac` ON `vozac`.`id`=`iznajmljivanje`.`idVozac` 
LEFT JOIN `stavkaiznajmljivanja` ON `stavkaiznajmljivanja`.`idIznajmljivanje`=`iznajmljivanje`.`id` 
LEFT JOIN `zapter` ON `zapter`.`idZaposleni`=`zaposleni`.`id` 
LEFT JOIN `termindezurstva` ON `termindezurstva`.`id`=`zapter`.`idTerminDezurstva` 
LEFT JOIN `dozvola` ON `dozvola`.`id`=`vozac`.`idDozvola` 
LEFT JOIN `vozilo` ON `vozilo`.`id`=`stavkaiznajmljivanja`.`idVozilo` 




Dozvola: id = 889, kategorija = A
Dozvola: id = 890, kategorija = B
Dozvola: id = 891, kategorija = D



Zaposleni: Admin Admin (admin@gmail.com) 
Dodeljene smene: 
Datum: null period: PREPODNE vanredan: false broj sati: 0 fiksni bonus: 0

Zaposleni: keke kekovic (kek@gmail.com) 
Dodeljene smene: 
Datum: null period: PREPODNE vanredan: false broj sati: 0 fiksni bonus: 0

Zaposleni: novi novi (c@gmail.com) 
Dodeljene smene: 
Datum: null period: PREPODNE vanredan: false broj sati: 0 fiksni bonus: 0

Zaposleni: Novi Admin (admin2@gmail.com) 
Dodeljene smene: 
Datum: null period: PREPODNE vanredan: false broj sati: 0 fiksni bonus: 0

Vozilo: id = 889, klasa = Automobil, proizvodjac = Dacia, kupovna cena = 666.0, godiste = 2021, ime modela = S Klasa, kategorija = BUDZET
Vozilo: id = 895, klasa = Automobil, proizvodjac = Audi, kupovna cena = 3000.0, godiste = 2015, ime modela = A1, kategorija = LUKSUZ

Termin Dezurstva: id = 889, period = PREPODNE, napomena = 
Smene koje se vezuju za ovaj termin dezurstva:
Smena: datum = null, odnosi ne za zaposlenog: null null, vanredan: false, broj sati = 0, fiksni bonus = 0

Termin Dezurstva: id = 890, period = POPODNE, napomena = 
Smene koje se vezuju za ovaj termin dezurstva:
Smena: datum = null, odnosi ne za zaposlenog: null null, vanredan: false, broj sati = 0, fiksni bonus = 0

Termin Dezurstva: id = 891, period = NOC, napomena = 
Smene koje se vezuju za ovaj termin dezurstva:
Smena: datum = null, odnosi ne za zaposlenog: null null, vanredan: false, broj sati = 0, fiksni bonus = 0


Vozac Marko  Markovic(marko@gmail.com) poseduje dozvolu kategorije: B
Vozac Novi  Noviji(novisa@gmail.com) poseduje dozvolu kategorije: B
Vozac Boban  Marijanovic(bobicar@gmail.com) poseduje dozvolu kategorije: B
Vozac HAAHAH  AHAHHHWDHJD(HAAHAHAXD@gmail.com) poseduje dozvolu kategorije: A

Iznajmljivanje: id = 916, datum sklapanja = Mon Jul 07 00:00:00 CEST 2025, ukupan iznos = 888.0, sklopio zaposleni: Admin Admin, iznajmio vozac Marko Markovic(kontakt: marko@gmail.com)
STAVKE IZNAJMLJIVANJA: 
Redni broj 2, pocetak: Fri Jul 11 00:00:00 CEST 2025, zavrsetak: Sat Jul 19 00:00:00 CEST 2025, iznos = 555.0, vozilo: Dacia S Klasa

Iznajmljivanje: id = 917, datum sklapanja = Mon Jul 07 00:00:00 CEST 2025, ukupan iznos = 999.0, sklopio zaposleni: Admin Admin, iznajmio vozac Novi Noviji(kontakt: novisa@gmail.com)
STAVKE IZNAJMLJIVANJA: 
Redni broj 1, pocetak: Tue Jul 01 00:00:00 CEST 2025, zavrsetak: Thu Jul 31 00:00:00 CEST 2025, iznos = 999.0, vozilo: Audi A1

Iznajmljivanje: id = 919, datum sklapanja = Mon Jul 07 00:00:00 CEST 2025, ukupan iznos = 10000.0, sklopio zaposleni: Admin Admin, iznajmio vozac Novi Noviji(kontakt: novisa@gmail.com)
STAVKE IZNAJMLJIVANJA: 
Redni broj 1, pocetak: Wed Sep 17 00:00:00 CEST 2025, zavrsetak: Fri Sep 26 00:00:00 CEST 2025, iznos = 10000.0, vozilo: Audi A1

Sva koriscenja vozila Dacia S Klasa:
U iznajmljivanju id = 916, stavka broj 2, od Fri Jul 11 00:00:00 CEST 2025 do Sat Jul 19 00:00:00 CEST 2025
Sva koriscenja vozila Audi A1:
U iznajmljivanju id = 917, stavka broj 1, od Tue Jul 01 00:00:00 CEST 2025 do Thu Jul 31 00:00:00 CEST 2025
U iznajmljivanju id = 919, stavka broj 1, od Wed Sep 17 00:00:00 CEST 2025 do Fri Sep 26 00:00:00 CEST 2025
]]></system-out>
    <system-err><![CDATA[SLF4J: Failed to load class "org.slf4j.impl.StaticLoggerBinder".
SLF4J: Defaulting to no-operation (NOP) logger implementation
SLF4J: See http://www.slf4j.org/codes.html#StaticLoggerBinder for further details.
]]></system-err>
  </testcase>
</testsuite>