<?xml version="1.0" encoding="UTF-8"?>
<testsuite xmlns:xsi="http://www.w3.org/2001/XMLSchema-instance" xsi:noNamespaceSchemaLocation="https://maven.apache.org/surefire/maven-surefire-plugin/xsd/surefire-test-report-3.0.xsd" version="3.0" name="slojbaze.ObrisiTest" time="2.376" tests="14" errors="0" skipped="0" failures="0">
  <properties>
[...]
</properties>
  <testcase name="test01_Obrisi_strukturnoOgranicenjeDeleteZaposleni" classname="slojbaze.ObrisiTest" time="0.041">
    <system-out><![CDATA[Dodajem dodatne entiete za testiranje...
[INFO] 2025-07-07 22:50:48 - Uspesno ubacivanje entiteta [Zaposleni{id=666, ime=Marko, prezime=Markovic, email=markomarkovic@gmail.com, salt=y/fz/U+cLJ/64aESDDkZVg==}]
[INFO] 2025-07-07 22:50:48 -   ************** LOG BROKERA **************
null
Uspesno zapamcen slog u bazi. 

[INFO] 2025-07-07 22:50:48 - ************** KRAJ LOGA BROKERA **************
[INFO] 2025-07-07 22:50:48 - Uspesno ubacivanje entiteta [StavkaIznajmljivanja{iznajmljivanje=Iznajmljivanje{id=1, datumSklapanja=null, ukupanIznos=null, zaposleni=null, vozac=null, stavke=null}, rb=2, datumPocetka=2025-07-07, datumZavrsetka=2025-07-22, iznos=111.0, vozilo=null null (id = 1)}]
[INFO] 2025-07-07 22:50:48 -   ************** LOG BROKERA **************

Uspesno zapamcen slog u bazi. 

[INFO] 2025-07-07 22:50:48 - ************** KRAJ LOGA BROKERA **************
[INFO] 2025-07-07 22:50:48 - Uspesno ubacivanje entiteta [iznajmljivanjeapp.domain.Smena@53f3bdbd]
[INFO] 2025-07-07 22:50:48 -   ************** LOG BROKERA **************

Uspesno zapamcen slog u bazi. 

[INFO] 2025-07-07 22:50:48 - ************** KRAJ LOGA BROKERA **************
[INFO] 2025-07-07 22:50:48 - Uspesno ubacivanje entiteta [Mercedes kako god (id = 44)]
[INFO] 2025-07-07 22:50:48 -   ************** LOG BROKERA **************

Uspesno zapamcen slog u bazi. 

[INFO] 2025-07-07 22:50:48 - ************** KRAJ LOGA BROKERA **************
[INFO] 2025-07-07 22:50:48 - Uspesno ubacivanje entiteta [Dozvola{id=44, kategorija=A}]
[INFO] 2025-07-07 22:50:48 -   ************** LOG BROKERA **************

Uspesno zapamcen slog u bazi. 

[INFO] 2025-07-07 22:50:48 - ************** KRAJ LOGA BROKERA **************
[INFO] 2025-07-07 22:50:49 - Uspesno ubacivanje entiteta [TerminDezurstva{id=44, napomena=aaaa, smene=null, tipTermina=NOC}]
[INFO] 2025-07-07 22:50:49 -   ************** LOG BROKERA **************

Uspesno zapamcen slog u bazi. 

[INFO] 2025-07-07 22:50:49 - ************** KRAJ LOGA BROKERA **************
[INFO] 2025-07-07 22:50:49 - Uspesno ubacivanje entiteta [Vozac{id=44, ime=Petar, prezime=Jovanovic, email=petjov@yahoo.com, dozvola=Dozvola{id=1, kategorija=null}}]
[INFO] 2025-07-07 22:50:49 -   ************** LOG BROKERA **************

Uspesno zapamcen slog u bazi. 

[INFO] 2025-07-07 22:50:49 - ************** KRAJ LOGA BROKERA **************
[INFO] 2025-07-07 22:50:49 - Uspesno ubacivanje entiteta [Iznajmljivanje{id=44, datumSklapanja=2025-07-07, ukupanIznos=12345.0, zaposleni=Zaposleni{id=1, ime=null, prezime=null, email=null, salt=null}, vozac=Vozac{id=1, ime=null, prezime=null, email=null, dozvola=null}, stavke=null}]
[INFO] 2025-07-07 22:50:49 -   ************** LOG BROKERA **************

Uspesno zapamcen slog u bazi. 

[INFO] 2025-07-07 22:50:49 - ************** KRAJ LOGA BROKERA **************
[INFO] 2025-07-07 22:50:49 - Uspesno ubacivanje entiteta [Iznajmljivanje{id=447, datumSklapanja=2025-07-07, ukupanIznos=12345.0, zaposleni=Zaposleni{id=1, ime=null, prezime=null, email=null, salt=null}, vozac=Vozac{id=1, ime=null, prezime=null, email=null, dozvola=null}, stavke=null}]
[INFO] 2025-07-07 22:50:49 -   ************** LOG BROKERA **************

Uspesno zapamcen slog u bazi. 

[INFO] 2025-07-07 22:50:49 - ************** KRAJ LOGA BROKERA **************
[INFO] 2025-07-07 22:50:49 - Uspesno ubacivanje entiteta [StavkaIznajmljivanja{iznajmljivanje=Iznajmljivanje{id=447, datumSklapanja=null, ukupanIznos=null, zaposleni=null, vozac=null, stavke=null}, rb=1, datumPocetka=2025-07-07, datumZavrsetka=2025-07-22, iznos=111.0, vozilo=null null (id = 1)}]
[INFO] 2025-07-07 22:50:49 -   ************** LOG BROKERA **************

Uspesno zapamcen slog u bazi. 

[INFO] 2025-07-07 22:50:49 - ************** KRAJ LOGA BROKERA **************
Provera da li strukturno ogranicenje "ON DELETE RESTRICTED Iznajmljivanje ZapTer" ispravno funkcionise pri brisanju zaposlenog
Zaposleni nije obrisan jer se vezuje za postojece iznajmljivanje/zapter
---------------------------------------------------------------------------------
]]></system-out>
  </testcase>
  <testcase name="test02_Obrisi_strukturnoOgranicenjeDeleteVozilo" classname="slojbaze.ObrisiTest" time="0.058">
    <system-out><![CDATA[Provera da li strukturno ogranicenje "ON DELETE RESTRICTED StavkaIznajmljivanja" ispravno funkcionise pri brisanju vozila
Vozilo nije obrisano jer se vezuje za postojecu stavku iznajmljivanja.
---------------------------------------------------------------------------------
]]></system-out>
  </testcase>
  <testcase name="test03_Obrisi_strukturnoOgranicenjeDeleteDozvola" classname="slojbaze.ObrisiTest" time="0.149">
    <system-out><![CDATA[Provera da li strukturno ogranicenje "ON DELETE RESTRICTED Vozac" ispravno funkcionise pri brisanju dozvole
Dozvola nije obrisana jer se vezuje za postojeceg  vozaca.
---------------------------------------------------------------------------------
]]></system-out>
  </testcase>
  <testcase name="test04_Obrisi_strukturnoOgranicenjeTerminDezurstva" classname="slojbaze.ObrisiTest" time="0.085">
    <system-out><![CDATA[Provera da li strukturno ogranicenje "ON DELETE RESTRICTED ZapTer" ispravno funkcionise pri brisanju termina dezurstva
Termin dezurstva nije obrisan jer se vezuje za postojeci zapter
---------------------------------------------------------------------------------
]]></system-out>
  </testcase>
  <testcase name="test05_Obrisi_strukturnoOgranicenjeVozac" classname="slojbaze.ObrisiTest" time="0.055">
    <system-out><![CDATA[Provera da li strukturno ogranicenje "ON DELETE RESTRICTED Iznajmljivanje" ispravno funkcionise pri brisanju vozaca
Vozac nije obrisan jer se vezuje za postojeci iznajmljivanje
---------------------------------------------------------------------------------
]]></system-out>
  </testcase>
  <testcase name="test06_Obrisi_strukturnoOgranicenjeIznajmljivanje" classname="slojbaze.ObrisiTest" time="0.066">
    <system-out><![CDATA[Provera da li strukturno ogranicenje "ON DELETE CASCADES StavkaIznajmljivanja" ispravno funkcionise pri brisanju iznajmljivanja
[INFO] 2025-07-07 22:50:50 - Uspesno brisanje entiteta [Iznajmljivanje{id=447, datumSklapanja=null, ukupanIznos=null, zaposleni=null, vozac=null, stavke=null}]
[INFO] 2025-07-07 22:50:50 -   ************** LOG BROKERA **************

Nije uspesno zapamcen slog u bazi. java.sql.SQLIntegrityConstraintViolationException: Cannot delete or update a parent row: a foreign key constraint fails (`projektovanjesoftvera_seminarski`.`iznajmljivanje`, CONSTRAINT `iznajmljivanje_ibfk_1` FOREIGN KEY (`idZaposleni`) REFERENCES `zaposleni` (`id`) ON UPDATE CASCADE)
Nije uspesno zapamcen slog u bazi. java.sql.SQLIntegrityConstraintViolationException: Cannot delete or update a parent row: a foreign key constraint fails (`projektovanjesoftvera_seminarski`.`stavkaiznajmljivanja`, CONSTRAINT `stavkaiznajmljivanja_ibfk_2` FOREIGN KEY (`idVozilo`) REFERENCES `vozilo` (`id`) ON UPDATE CASCADE)
Nije uspesno zapamcen slog u bazi. java.sql.SQLIntegrityConstraintViolationException: Cannot delete or update a parent row: a foreign key constraint fails (`projektovanjesoftvera_seminarski`.`vozac`, CONSTRAINT `vozac_ibfk_1` FOREIGN KEY (`idDozvola`) REFERENCES `dozvola` (`id`) ON UPDATE CASCADE)
Nije uspesno zapamcen slog u bazi. java.sql.SQLIntegrityConstraintViolationException: Cannot delete or update a parent row: a foreign key constraint fails (`projektovanjesoftvera_seminarski`.`zapter`, CONSTRAINT `zapter_ibfk_2` FOREIGN KEY (`idTerminDezurstva`) REFERENCES `termindezurstva` (`id`) ON UPDATE CASCADE)
Nije uspesno zapamcen slog u bazi. java.sql.SQLIntegrityConstraintViolationException: Cannot delete or update a parent row: a foreign key constraint fails (`projektovanjesoftvera_seminarski`.`iznajmljivanje`, CONSTRAINT `iznajmljivanje_ibfk_2` FOREIGN KEY (`idVozac`) REFERENCES `vozac` (`id`) ON UPDATE CASCADE)
Uspesno obrisan slog u bazi. 

[INFO] 2025-07-07 22:50:50 - ************** KRAJ LOGA BROKERA **************
Iznajmljivanje je obrisano kao i stavke iznajmljivanja koje se za njega vezuju
---------------------------------------------------------------------------------
]]></system-out>
  </testcase>
  <testcase name="test07_Obrisi_strukturnoOgranicenjeStavkaIznajmljivanje" classname="slojbaze.ObrisiTest" time="0.11">
    <system-out><![CDATA[Provera da li strukturno ogranicenje "ON DELETE /" ispravno funkcionise pri brisanju stavke iznajmljivanja
[INFO] 2025-07-07 22:50:50 - Uspesno brisanje entiteta [StavkaIznajmljivanja{iznajmljivanje=Iznajmljivanje{id=1, datumSklapanja=null, ukupanIznos=null, zaposleni=null, vozac=null, stavke=null}, rb=2, datumPocetka=null, datumZavrsetka=null, iznos=null, vozilo=null}]
[INFO] 2025-07-07 22:50:50 -   ************** LOG BROKERA **************

Uspesno obrisan slog u bazi. 

[INFO] 2025-07-07 22:50:50 - ************** KRAJ LOGA BROKERA **************
Stavka iznajmljivanja je obrisana jer nema restricted strukturno ogranicenje ka iznajmljivanju
---------------------------------------------------------------------------------
]]></system-out>
  </testcase>
  <testcase name="test08_Obrisi_strukturnoOgranicenjeZapTer" classname="slojbaze.ObrisiTest" time="0.154">
    <system-out><![CDATA[Provera da li strukturno ogranicenje "ON DELETE /" ispravno funkcionise pri brisanju zapter
[INFO] 2025-07-07 22:50:50 - Uspesno brisanje entiteta [iznajmljivanjeapp.domain.Smena@264f218]
[INFO] 2025-07-07 22:50:50 -   ************** LOG BROKERA **************

Uspesno obrisan slog u bazi. 

[INFO] 2025-07-07 22:50:50 - ************** KRAJ LOGA BROKERA **************
Zapter je obrisan jer nema restricted strukturno ogranicenje ka iznajmljivanju
---------------------------------------------------------------------------------
]]></system-out>
  </testcase>
  <testcase name="test09_Obrisi_obrisiZaposleni" classname="slojbaze.ObrisiTest" time="0.083">
    <system-out><![CDATA[Normalno brisanje zaposlenog - ne vezuje se ni za jedan zapter ili iznajmljivanje
[INFO] 2025-07-07 22:50:50 - Uspesno brisanje entiteta [Zaposleni{id=666, ime=null, prezime=null, email=null, salt=null}]
[INFO] 2025-07-07 22:50:50 -   ************** LOG BROKERA **************

Uspesno obrisan slog u bazi. 

[INFO] 2025-07-07 22:50:50 - ************** KRAJ LOGA BROKERA **************
Zaposleni je obrisan jer se ne vezuje ni za jedan zapter ili iznajmljivanje
]]></system-out>
  </testcase>
  <testcase name="test10_Obrisi_obrisiVozilo" classname="slojbaze.ObrisiTest" time="0.148">
    <system-out><![CDATA[Normalno brisanje vozila - ne vezuje se ni za jednu stavku iznajmljivanja
[INFO] 2025-07-07 22:50:50 - Uspesno brisanje entiteta [null null (id = 44)]
[INFO] 2025-07-07 22:50:50 -   ************** LOG BROKERA **************

Uspesno obrisan slog u bazi. 

[INFO] 2025-07-07 22:50:50 - ************** KRAJ LOGA BROKERA **************
Vozilo je obrisano jer se ne vezuje ni za jednu stavku iznajmljivanja
]]></system-out>
  </testcase>
  <testcase name="test11_Obrisi_obrisiDozvola" classname="slojbaze.ObrisiTest" time="0.05">
    <system-out><![CDATA[Normalno brisanje dozvole - ne vezuje se ni za jednog vozaca
[INFO] 2025-07-07 22:50:50 - Uspesno brisanje entiteta [Dozvola{id=44, kategorija=null}]
[INFO] 2025-07-07 22:50:50 -   ************** LOG BROKERA **************

Uspesno obrisan slog u bazi. 

[INFO] 2025-07-07 22:50:50 - ************** KRAJ LOGA BROKERA **************
Dozvola je obrisana jer se ne vezuje ni za jednog vozaca
]]></system-out>
  </testcase>
  <testcase name="test12_Obrisi_obrisiTerminDezurstva" classname="slojbaze.ObrisiTest" time="0.116">
    <system-out><![CDATA[Normalno brisanje termina dezurstva - ne vezuje se ni za jedan zapter
[INFO] 2025-07-07 22:50:50 - Uspesno brisanje entiteta [TerminDezurstva{id=44, napomena=null, smene=null, tipTermina=null}]
[INFO] 2025-07-07 22:50:50 -   ************** LOG BROKERA **************

Uspesno obrisan slog u bazi. 

[INFO] 2025-07-07 22:50:50 - ************** KRAJ LOGA BROKERA **************
Termin dezurstva je obrisan jer se ne vezuje  ni za jedan zapter
]]></system-out>
  </testcase>
  <testcase name="test13_Obrisi_obrisiVozac" classname="slojbaze.ObrisiTest" time="0.062">
    <system-out><![CDATA[Normalno brisanje vozaca - ne vezuje se ni za jedno iznajmljivanje 
[INFO] 2025-07-07 22:50:50 - Uspesno brisanje entiteta [Vozac{id=44, ime=null, prezime=null, email=null, dozvola=null}]
[INFO] 2025-07-07 22:50:50 -   ************** LOG BROKERA **************

Uspesno obrisan slog u bazi. 

[INFO] 2025-07-07 22:50:50 - ************** KRAJ LOGA BROKERA **************
Vozac je obrisan jer se ne vezuje  ni za jedno iznajmljivanje
]]></system-out>
  </testcase>
  <testcase name="test14_Obrisi_obrisiIznajmljivanje" classname="slojbaze.ObrisiTest" time="0.144">
    <system-out><![CDATA[Normalno brisanje iznajmljivanja - ne vezuje se ni za jednu stavku iznajmljivanja 
[INFO] 2025-07-07 22:50:50 - Uspesno brisanje entiteta [Iznajmljivanje{id=44, datumSklapanja=null, ukupanIznos=null, zaposleni=null, vozac=null, stavke=null}]
[INFO] 2025-07-07 22:50:50 -   ************** LOG BROKERA **************

Uspesno obrisan slog u bazi. 

[INFO] 2025-07-07 22:50:50 - ************** KRAJ LOGA BROKERA **************
Iznajmljivanje je obrisano jer se ne vezuje  ni za jednu stavku iznajmljivanja
]]></system-out>
  </testcase>
</testsuite>